2025-01-27 16:29:06,035 INFO  [background-preinit] gateway.Version: HV000001: Hibernate Validator 6.2.5.Final
2025-01-27 16:29:06,314 INFO  [main] gateway.GatewayApplication: Starting GatewayApplication using Java 1.8.0_432 on HASAN-HAIDER with PID 12868 (D:\co-quiz\gateway\target\classes started by HasanHaider in D:\co-quiz\gateway)
2025-01-27 16:29:06,318 INFO  [main] gateway.GatewayApplication: No active profile set, falling back to 1 default profile: "default"
2025-01-27 16:29:19,010 INFO  [main] gateway.GenericScope: BeanFactory id=334ccd63-eb51-3ee2-9704-dd815a95578a
2025-01-27 16:29:19,603 INFO  [main] gateway.PostProcessorRegistrationDelegate$BeanPostProcessorChecker: Bean 'org.springframework.cloud.client.loadbalancer.reactive.LoadBalancerBeanPostProcessorAutoConfiguration' of type [org.springframework.cloud.client.loadbalancer.reactive.LoadBalancerBeanPostProcessorAutoConfiguration] is not eligible for getting processed by all BeanPostProcessors (for example: not eligible for auto-proxying)
2025-01-27 16:29:19,609 INFO  [main] gateway.PostProcessorRegistrationDelegate$BeanPostProcessorChecker: Bean 'org.springframework.cloud.client.loadbalancer.reactive.LoadBalancerBeanPostProcessorAutoConfiguration$ReactorDeferringLoadBalancerFilterConfig' of type [org.springframework.cloud.client.loadbalancer.reactive.LoadBalancerBeanPostProcessorAutoConfiguration$ReactorDeferringLoadBalancerFilterConfig] is not eligible for getting processed by all BeanPostProcessors (for example: not eligible for auto-proxying)
2025-01-27 16:29:19,615 INFO  [main] gateway.PostProcessorRegistrationDelegate$BeanPostProcessorChecker: Bean 'reactorDeferringLoadBalancerExchangeFilterFunction' of type [org.springframework.cloud.client.loadbalancer.reactive.DeferringLoadBalancerExchangeFilterFunction] is not eligible for getting processed by all BeanPostProcessors (for example: not eligible for auto-proxying)
2025-01-27 16:29:25,429 INFO  [main] gateway.GatewayConfig: JWT filter invoked
2025-01-27 16:29:25,433 INFO  [main] gateway.GatewayConfig: JWT filter invoked
2025-01-27 16:29:25,435 INFO  [main] gateway.GatewayConfig: JWT filter invoked
2025-01-27 16:29:25,437 INFO  [main] gateway.GatewayConfig: JWT filter invoked
2025-01-27 16:29:25,439 INFO  [main] gateway.GatewayConfig: JWT filter invoked
2025-01-27 16:29:25,441 INFO  [main] gateway.GatewayConfig: JWT filter invoked
2025-01-27 16:29:25,443 INFO  [main] gateway.GatewayConfig: JWT filter invoked
2025-01-27 16:29:31,648 INFO  [main] gateway.RouteDefinitionRouteLocator: Loaded RoutePredicateFactory [After]
2025-01-27 16:29:31,650 INFO  [main] gateway.RouteDefinitionRouteLocator: Loaded RoutePredicateFactory [Before]
2025-01-27 16:29:31,650 INFO  [main] gateway.RouteDefinitionRouteLocator: Loaded RoutePredicateFactory [Between]
2025-01-27 16:29:31,650 INFO  [main] gateway.RouteDefinitionRouteLocator: Loaded RoutePredicateFactory [Cookie]
2025-01-27 16:29:31,652 INFO  [main] gateway.RouteDefinitionRouteLocator: Loaded RoutePredicateFactory [Header]
2025-01-27 16:29:31,652 INFO  [main] gateway.RouteDefinitionRouteLocator: Loaded RoutePredicateFactory [Host]
2025-01-27 16:29:31,652 INFO  [main] gateway.RouteDefinitionRouteLocator: Loaded RoutePredicateFactory [Method]
2025-01-27 16:29:31,654 INFO  [main] gateway.RouteDefinitionRouteLocator: Loaded RoutePredicateFactory [Path]
2025-01-27 16:29:31,656 INFO  [main] gateway.RouteDefinitionRouteLocator: Loaded RoutePredicateFactory [Query]
2025-01-27 16:29:31,658 INFO  [main] gateway.RouteDefinitionRouteLocator: Loaded RoutePredicateFactory [ReadBody]
2025-01-27 16:29:31,658 INFO  [main] gateway.RouteDefinitionRouteLocator: Loaded RoutePredicateFactory [RemoteAddr]
2025-01-27 16:29:31,658 INFO  [main] gateway.RouteDefinitionRouteLocator: Loaded RoutePredicateFactory [XForwardedRemoteAddr]
2025-01-27 16:29:31,658 INFO  [main] gateway.RouteDefinitionRouteLocator: Loaded RoutePredicateFactory [Weight]
2025-01-27 16:29:31,660 INFO  [main] gateway.RouteDefinitionRouteLocator: Loaded RoutePredicateFactory [CloudFoundryRouteService]
2025-01-27 16:29:40,635 INFO  [main] gateway.EndpointLinksResolver: Exposing 1 endpoint(s) beneath base path '/actuator'
2025-01-27 16:29:42,696 INFO  [main] gateway.DiscoveryClientOptionalArgsConfiguration: Eureka HTTP Client uses RestTemplate.
2025-01-27 16:29:43,466 WARN  [main] gateway.LoadBalancerCacheAutoConfiguration$LoadBalancerCaffeineWarnLogger: Spring Cloud LoadBalancer is currently working with the default cache. While this cache implementation is useful for development and tests, it's recommended to use Caffeine cache in production.You can switch to using Caffeine cache, by adding it and org.springframework.cache.caffeine.CaffeineCacheManager to the classpath.
2025-01-27 16:29:43,574 INFO  [main] gateway.InstanceInfoFactory: Setting initial instance status as: STARTING
2025-01-27 16:29:43,920 INFO  [main] gateway.DiscoveryClient: Initializing Eureka in region us-east-1
2025-01-27 16:29:43,949 INFO  [main] gateway.ConfigClusterResolver: Resolving eureka endpoints via configuration
2025-01-27 16:29:44,052 INFO  [main] gateway.DiscoveryClient: Disable delta property : false
2025-01-27 16:29:44,053 INFO  [main] gateway.DiscoveryClient: Single vip registry refresh property : null
2025-01-27 16:29:44,053 INFO  [main] gateway.DiscoveryClient: Force full registry fetch : false
2025-01-27 16:29:44,053 INFO  [main] gateway.DiscoveryClient: Application is null : false
2025-01-27 16:29:44,053 INFO  [main] gateway.DiscoveryClient: Registered Applications size is zero : true
2025-01-27 16:29:44,054 INFO  [main] gateway.DiscoveryClient: Application version is -1: true
2025-01-27 16:29:44,054 INFO  [main] gateway.DiscoveryClient: Getting all instance registry info from the eureka server
2025-01-27 16:29:46,830 INFO  [main] gateway.DiscoveryClient: The response status is 200
2025-01-27 16:29:46,840 INFO  [main] gateway.DiscoveryClient: Starting heartbeat executor: renew interval is: 30
2025-01-27 16:29:46,853 INFO  [main] gateway.InstanceInfoReplicator: InstanceInfoReplicator onDemand update allowed rate per min is 4
2025-01-27 16:29:46,880 INFO  [main] gateway.DiscoveryClient: Discovery Client initialized at timestamp 1737977386872 with initial instances count: 0
2025-01-27 16:29:46,885 INFO  [main] gateway.EurekaServiceRegistry: Registering application GATEWAY with eureka with status UP
2025-01-27 16:29:46,887 INFO  [main] gateway.DiscoveryClient: Saw local status change event StatusChangeEvent [timestamp=1737977386887, current=UP, previous=STARTING]
2025-01-27 16:29:46,895 INFO  [DiscoveryClient-InstanceInfoReplicator-0] gateway.DiscoveryClient: DiscoveryClient_GATEWAY/HASAN-HAIDER:gateway:8080: registering service...
2025-01-27 16:29:47,457 INFO  [DiscoveryClient-InstanceInfoReplicator-0] gateway.DiscoveryClient: DiscoveryClient_GATEWAY/HASAN-HAIDER:gateway:8080 - registration status: 204
2025-01-27 16:29:50,241 INFO  [main] gateway.NettyWebServer: Netty started on port 8080
2025-01-27 16:29:50,248 INFO  [main] gateway.EurekaAutoServiceRegistration: Updating port to 8080
2025-01-27 16:29:58,737 INFO  [main] gateway.GatewayApplication: Started GatewayApplication in 58.238 seconds (JVM running for 61.092)
2025-01-27 16:30:16,863 INFO  [DiscoveryClient-CacheRefreshExecutor-0] gateway.DiscoveryClient: Disable delta property : false
2025-01-27 16:30:16,863 INFO  [DiscoveryClient-CacheRefreshExecutor-0] gateway.DiscoveryClient: Single vip registry refresh property : null
2025-01-27 16:30:16,864 INFO  [DiscoveryClient-CacheRefreshExecutor-0] gateway.DiscoveryClient: Force full registry fetch : false
2025-01-27 16:30:16,864 INFO  [DiscoveryClient-CacheRefreshExecutor-0] gateway.DiscoveryClient: Application is null : false
2025-01-27 16:30:16,864 INFO  [DiscoveryClient-CacheRefreshExecutor-0] gateway.DiscoveryClient: Registered Applications size is zero : true
2025-01-27 16:30:16,864 INFO  [DiscoveryClient-CacheRefreshExecutor-0] gateway.DiscoveryClient: Application version is -1: false
2025-01-27 16:30:16,864 INFO  [DiscoveryClient-CacheRefreshExecutor-0] gateway.DiscoveryClient: Getting all instance registry info from the eureka server
2025-01-27 16:30:16,917 INFO  [DiscoveryClient-CacheRefreshExecutor-0] gateway.DiscoveryClient: The response status is 200
2025-01-27 16:34:44,061 INFO  [AsyncResolver-bootstrap-executor-0] gateway.ConfigClusterResolver: Resolving eureka endpoints via configuration
2025-01-27 16:37:28,787 INFO  [reactor-http-nio-3] gateway.RequestInterceptFilter: GL0BAL FILTER INVOKED
2025-01-27 16:37:28,816 INFO  [reactor-http-nio-3] gateway.RequestInterceptFilter: LAST BLOCK Incoming Request: [POST] http://localhost:8080/auth/login status: 200 OK with Body: {
    "username": "hasan112",
    "password": "hasan123"
}
2025-01-27 16:37:30,150 INFO  [reactor-http-nio-3] gateway.RequestInterceptFilter: Outgoing Response: Status Code [200 OK], Body: {"status":"200","message":"Login successful","user":{"id":11,"firstName":"hassan","lastName":"Haider","email":"hasan@gmail.com","password":"$2a$10$GCzgWUq/9gn94uJ0xSpapOihLbQlwCkZhv6BM79SwICN2UXBZtogq","username":"hasan112","phone":"123-456-7890","enabled":true,"roles":[{"id":21,"role":"INSTRUCTOR"},{"id":12,"role":"USER"}],"authorities":[{"authority":"INSTRUCTOR"},{"authority":"USER"}],"credentialsNonExpired":true,"accountNonLocked":true,"accountNonExpired":false},"token":"eyJhbGciOiJIUzI1NiJ9.eyJzdWIiOiJoYXNhbjExMiIsInJvbGVzIjpbIlJPTEVfSU5TVFJVQ1RPUiIsIlJPTEVfVVNFUiJdLCJleHAiOjE3MzgwMTM4NDksImlhdCI6MTczNzk3Nzg0OX0.fQviREmjIRwh0DLg2bltxBMjKwiOaqduu5DmcEDX2tE"}
2025-01-27 16:37:30,152 INFO  [reactor-http-nio-3] gateway.RabbitMQService: SENDING PAYLOAD: ActivityLog(username=UNKNOWN, statusCode=200 OK, ipAddress=0:0:0:0:0:0:0:1, requestBody={
    "username": "hasan112",
    "password": "hasan123"
}, responseBody={"status":"200","message":"Login successful","user":{"id":11,"firstName":"hassan","lastName":"Haider","email":"hasan@gmail.com","password":"$2a$10$GCzgWUq/9gn94uJ0xSpapOihLbQlwCkZhv6BM79SwICN2UXBZtogq","username":"hasan112","phone":"123-456-7890","enabled":true,"roles":[{"id":21,"role":"INSTRUCTOR"},{"id":12,"role":"USER"}],"authorities":[{"authority":"INSTRUCTOR"},{"authority":"USER"}],"credentialsNonExpired":true,"accountNonLocked":true,"accountNonExpired":false},"token":"eyJhbGciOiJIUzI1NiJ9.eyJzdWIiOiJoYXNhbjExMiIsInJvbGVzIjpbIlJPTEVfSU5TVFJVQ1RPUiIsIlJPTEVfVVNFUiJdLCJleHAiOjE3MzgwMTM4NDksImlhdCI6MTczNzk3Nzg0OX0.fQviREmjIRwh0DLg2bltxBMjKwiOaqduu5DmcEDX2tE"}, requestURI=http://localhost:8080/auth/login, timestamp=2025-01-27)
2025-01-27 16:37:30,157 INFO  [reactor-http-nio-3] gateway.CachingConnectionFactory: Attempting to connect to: localhost:5672
2025-01-27 16:37:30,212 INFO  [reactor-http-nio-3] gateway.CachingConnectionFactory: Created new connection: connectionFactory#5460b754:0/SimpleConnection@5ecae9cb [delegate=amqp://guest@127.0.0.1:5672/, localPort= 54010]
2025-01-27 16:37:30,218 INFO  [reactor-http-nio-3] gateway.RabbitAdmin: Auto-declaring a non-durable, auto-delete, or exclusive Queue (db-queue) durable:false, auto-delete:false, exclusive:false. It will be redeclared if the broker stops and is restarted while the connection factory is alive, but all messages will be lost.
2025-01-27 16:37:30,255 INFO  [reactor-http-nio-3] gateway.RabbitMQService: SENDING DATA TO LOGGING SERVICE: ActivityLog(username=UNKNOWN, statusCode=200 OK, ipAddress=0:0:0:0:0:0:0:1, requestBody={
    "username": "hasan112",
    "password": "hasan123"
}, responseBody={"status":"200","message":"Login successful","user":{"id":11,"firstName":"hassan","lastName":"Haider","email":"hasan@gmail.com","password":"$2a$10$GCzgWUq/9gn94uJ0xSpapOihLbQlwCkZhv6BM79SwICN2UXBZtogq","username":"hasan112","phone":"123-456-7890","enabled":true,"roles":[{"id":21,"role":"INSTRUCTOR"},{"id":12,"role":"USER"}],"authorities":[{"authority":"INSTRUCTOR"},{"authority":"USER"}],"credentialsNonExpired":true,"accountNonLocked":true,"accountNonExpired":false},"token":"eyJhbGciOiJIUzI1NiJ9.eyJzdWIiOiJoYXNhbjExMiIsInJvbGVzIjpbIlJPTEVfSU5TVFJVQ1RPUiIsIlJPTEVfVVNFUiJdLCJleHAiOjE3MzgwMTM4NDksImlhdCI6MTczNzk3Nzg0OX0.fQviREmjIRwh0DLg2bltxBMjKwiOaqduu5DmcEDX2tE"}, requestURI=http://localhost:8080/auth/login, timestamp=2025-01-27)
2025-01-27 16:37:49,592 INFO  [reactor-http-nio-3] gateway.RequestInterceptFilter: GL0BAL FILTER INVOKED
2025-01-27 16:37:50,076 INFO  [reactor-http-nio-4] gateway.RequestInterceptFilter: GL0BAL FILTER INVOKED
2025-01-27 16:37:50,096 INFO  [reactor-http-nio-3] gateway.RequestInterceptFilter: Outgoing Response: Status Code [400 BAD_REQUEST], Body: <!doctype html><html lang="en"><head><title>HTTP Status 400 – Bad Request</title><style type="text/css">body {font-family:Tahoma,Arial,sans-serif;} h1, h2, h3, b {color:white;background-color:#525D76;} h1 {font-size:22px;} h2 {font-size:16px;} h3 {font-size:14px;} p {font-size:12px;} a {color:black;} .line {height:1px;background-color:#525D76;border:none;}</style></head><body><h1>HTTP Status 400 – Bad Request</h1><hr class="line" /><p><b>Type</b> Exception Report</p><p><b>Message</b> Invalid character found in method name [th&#47;hasan112 ]. HTTP method names must be tokens</p><p><b>Description</b> The server cannot or will not process the request due to something that is perceived to be a client error (e.g., malformed request syntax, invalid request message framing, or deceptive request routing).</p><p><b>Exception</b></p><pre>java.lang.IllegalArgumen
2025-01-27 16:37:50,096 INFO  [reactor-http-nio-3] gateway.RabbitMQService: SENDING PAYLOAD: ActivityLog(username=UNKNOWN, statusCode=400 BAD_REQUEST, ipAddress=127.0.0.1, requestBody=null, responseBody=<!doctype html><html lang="en"><head><title>HTTP Status 400 – Bad Request</title><style type="text/css">body {font-family:Tahoma,Arial,sans-serif;} h1, h2, h3, b {color:white;background-color:#525D76;} h1 {font-size:22px;} h2 {font-size:16px;} h3 {font-size:14px;} p {font-size:12px;} a {color:black;} .line {height:1px;background-color:#525D76;border:none;}</style></head><body><h1>HTTP Status 400 – Bad Request</h1><hr class="line" /><p><b>Type</b> Exception Report</p><p><b>Message</b> Invalid character found in method name [th&#47;hasan112 ]. HTTP method names must be tokens</p><p><b>Description</b> The server cannot or will not process the request due to something that is perceived to be a client error (e.g., malformed request syntax, invalid request message framing, or deceptive request routing).</p><p><b>Exception</b></p><pre>java.lang.IllegalArgumen, requestURI=http://localhost:8080/auth/hasan112, timestamp=2025-01-27)
2025-01-27 16:37:50,097 INFO  [reactor-http-nio-3] gateway.RabbitMQService: SENDING DATA TO LOGGING SERVICE: ActivityLog(username=UNKNOWN, statusCode=400 BAD_REQUEST, ipAddress=127.0.0.1, requestBody=null, responseBody=<!doctype html><html lang="en"><head><title>HTTP Status 400 – Bad Request</title><style type="text/css">body {font-family:Tahoma,Arial,sans-serif;} h1, h2, h3, b {color:white;background-color:#525D76;} h1 {font-size:22px;} h2 {font-size:16px;} h3 {font-size:14px;} p {font-size:12px;} a {color:black;} .line {height:1px;background-color:#525D76;border:none;}</style></head><body><h1>HTTP Status 400 – Bad Request</h1><hr class="line" /><p><b>Type</b> Exception Report</p><p><b>Message</b> Invalid character found in method name [th&#47;hasan112 ]. HTTP method names must be tokens</p><p><b>Description</b> The server cannot or will not process the request due to something that is perceived to be a client error (e.g., malformed request syntax, invalid request message framing, or deceptive request routing).</p><p><b>Exception</b></p><pre>java.lang.IllegalArgumen, requestURI=http://localhost:8080/auth/hasan112, timestamp=2025-01-27)
2025-01-27 16:37:50,100 INFO  [reactor-http-nio-3] gateway.RequestInterceptFilter: Outgoing Response: Status Code [400 BAD_REQUEST], Body: tException: Invalid character found in method name [th&#47;hasan112 ]. HTTP method names must be tokens
	org.apache.coyote.http11.Http11InputBuffer.parseRequestLine(Http11InputBuffer.java:407)
	org.apache.coyote.http11.Http11Processor.service(Http11Processor.java:263)
	org.apache.coyote.AbstractProcessorLight.process(AbstractProcessorLight.java:63)
	org.apache.coyote.AbstractProtocol$ConnectionHandler.process(AbstractProtocol.java:928)
	org.apache.tomcat.util.net.NioEndpoint$SocketProcessor.doRun(NioEndpoint.java:1794)
	org.apache.tomcat.util.net.SocketProcessorBase.run(SocketProcessorBase.java:52)
	org.apache.tomcat.util.threads.ThreadPoolExecutor.runWorker(ThreadPoolExecutor.java:1191)
	org.apache.tomcat.util.threads.ThreadPoolExecutor$Worker.run(ThreadPoolExecutor.java:659)
	org.apache.tomcat.util.threads.TaskThread$WrappingRunnable.run(TaskThread.java:61)
	java.lang.Thread.run(Thread.java:750)
</pre><p><b>Note</b> The full stack trace of the root cause is available in the server logs.</p><hr class="line" /><h3>Apache Tomcat/9.0.83</h3></body></html>
2025-01-27 16:37:50,100 INFO  [reactor-http-nio-3] gateway.RabbitMQService: SENDING PAYLOAD: ActivityLog(username=UNKNOWN, statusCode=400 BAD_REQUEST, ipAddress=127.0.0.1, requestBody=null, responseBody=tException: Invalid character found in method name [th&#47;hasan112 ]. HTTP method names must be tokens
	org.apache.coyote.http11.Http11InputBuffer.parseRequestLine(Http11InputBuffer.java:407)
	org.apache.coyote.http11.Http11Processor.service(Http11Processor.java:263)
	org.apache.coyote.AbstractProcessorLight.process(AbstractProcessorLight.java:63)
	org.apache.coyote.AbstractProtocol$ConnectionHandler.process(AbstractProtocol.java:928)
	org.apache.tomcat.util.net.NioEndpoint$SocketProcessor.doRun(NioEndpoint.java:1794)
	org.apache.tomcat.util.net.SocketProcessorBase.run(SocketProcessorBase.java:52)
	org.apache.tomcat.util.threads.ThreadPoolExecutor.runWorker(ThreadPoolExecutor.java:1191)
	org.apache.tomcat.util.threads.ThreadPoolExecutor$Worker.run(ThreadPoolExecutor.java:659)
	org.apache.tomcat.util.threads.TaskThread$WrappingRunnable.run(TaskThread.java:61)
	java.lang.Thread.run(Thread.java:750)
</pre><p><b>Note</b> The full stack trace of the root cause is available in the server logs.</p><hr class="line" /><h3>Apache Tomcat/9.0.83</h3></body></html>, requestURI=http://localhost:8080/auth/hasan112, timestamp=2025-01-27)
2025-01-27 16:37:50,101 INFO  [reactor-http-nio-3] gateway.RabbitMQService: SENDING DATA TO LOGGING SERVICE: ActivityLog(username=UNKNOWN, statusCode=400 BAD_REQUEST, ipAddress=127.0.0.1, requestBody=null, responseBody=tException: Invalid character found in method name [th&#47;hasan112 ]. HTTP method names must be tokens
	org.apache.coyote.http11.Http11InputBuffer.parseRequestLine(Http11InputBuffer.java:407)
	org.apache.coyote.http11.Http11Processor.service(Http11Processor.java:263)
	org.apache.coyote.AbstractProcessorLight.process(AbstractProcessorLight.java:63)
	org.apache.coyote.AbstractProtocol$ConnectionHandler.process(AbstractProtocol.java:928)
	org.apache.tomcat.util.net.NioEndpoint$SocketProcessor.doRun(NioEndpoint.java:1794)
	org.apache.tomcat.util.net.SocketProcessorBase.run(SocketProcessorBase.java:52)
	org.apache.tomcat.util.threads.ThreadPoolExecutor.runWorker(ThreadPoolExecutor.java:1191)
	org.apache.tomcat.util.threads.ThreadPoolExecutor$Worker.run(ThreadPoolExecutor.java:659)
	org.apache.tomcat.util.threads.TaskThread$WrappingRunnable.run(TaskThread.java:61)
	java.lang.Thread.run(Thread.java:750)
</pre><p><b>Note</b> The full stack trace of the root cause is available in the server logs.</p><hr class="line" /><h3>Apache Tomcat/9.0.83</h3></body></html>, requestURI=http://localhost:8080/auth/hasan112, timestamp=2025-01-27)
2025-01-27 16:37:50,136 INFO  [reactor-http-nio-3] gateway.RequestInterceptFilter: Outgoing Response: Status Code [500 INTERNAL_SERVER_ERROR], Body: {"message":"com.mashape.unirest.http.exceptions.UnirestException: java.lang.RuntimeException: java.lang.RuntimeException: com.fasterxml.jackson.core.JsonParseException: Unexpected character ('<' (code 60)): expected a valid value (JSON String, Number, Array, Object or token 'null', 'true' or 'false')\n at [Source: (String)\"<!doctype html><html lang=\"en\"><head><title>HTTP Status 400 – Bad Request</title><style type=\"text/css\">body {font-family:Tahoma,Arial,sans-serif;} h1, h2, h3, b {color:white;background-color:#525D76;} h1 {font-size:22px;} h2 {font-size:16px;} h3 {font-size:14px;} p {font-size:12px;} a {color:black;} .line {height:1px;background-color:#525D76;border:none;}</style></head><body><h1>HTTP Status 400 – Bad Request</h1><hr class=\"line\" /><p><b>Type</b> Exception Report</p><p><b>Message</b> Invalid cha\"[truncated 1444 chars]; line: 1, column: 2]","timestamp":"2025-01-27T16:37:50.1212695","status":500}
2025-01-27 16:37:50,137 INFO  [reactor-http-nio-3] gateway.RabbitMQService: SENDING PAYLOAD: ActivityLog(username=hasan112, statusCode=500 INTERNAL_SERVER_ERROR, ipAddress=0:0:0:0:0:0:0:1, requestBody=null, responseBody={"message":"com.mashape.unirest.http.exceptions.UnirestException: java.lang.RuntimeException: java.lang.RuntimeException: com.fasterxml.jackson.core.JsonParseException: Unexpected character ('<' (code 60)): expected a valid value (JSON String, Number, Array, Object or token 'null', 'true' or 'false')\n at [Source: (String)\"<!doctype html><html lang=\"en\"><head><title>HTTP Status 400 – Bad Request</title><style type=\"text/css\">body {font-family:Tahoma,Arial,sans-serif;} h1, h2, h3, b {color:white;background-color:#525D76;} h1 {font-size:22px;} h2 {font-size:16px;} h3 {font-size:14px;} p {font-size:12px;} a {color:black;} .line {height:1px;background-color:#525D76;border:none;}</style></head><body><h1>HTTP Status 400 – Bad Request</h1><hr class=\"line\" /><p><b>Type</b> Exception Report</p><p><b>Message</b> Invalid cha\"[truncated 1444 chars]; line: 1, column: 2]","timestamp":"2025-01-27T16:37:50.1212695","status":500}, requestURI=http://localhost:8080/submission/user/analytics, timestamp=2025-01-27)
2025-01-27 16:37:50,138 INFO  [reactor-http-nio-3] gateway.RabbitMQService: SENDING DATA TO LOGGING SERVICE: ActivityLog(username=hasan112, statusCode=500 INTERNAL_SERVER_ERROR, ipAddress=0:0:0:0:0:0:0:1, requestBody=null, responseBody={"message":"com.mashape.unirest.http.exceptions.UnirestException: java.lang.RuntimeException: java.lang.RuntimeException: com.fasterxml.jackson.core.JsonParseException: Unexpected character ('<' (code 60)): expected a valid value (JSON String, Number, Array, Object or token 'null', 'true' or 'false')\n at [Source: (String)\"<!doctype html><html lang=\"en\"><head><title>HTTP Status 400 – Bad Request</title><style type=\"text/css\">body {font-family:Tahoma,Arial,sans-serif;} h1, h2, h3, b {color:white;background-color:#525D76;} h1 {font-size:22px;} h2 {font-size:16px;} h3 {font-size:14px;} p {font-size:12px;} a {color:black;} .line {height:1px;background-color:#525D76;border:none;}</style></head><body><h1>HTTP Status 400 – Bad Request</h1><hr class=\"line\" /><p><b>Type</b> Exception Report</p><p><b>Message</b> Invalid cha\"[truncated 1444 chars]; line: 1, column: 2]","timestamp":"2025-01-27T16:37:50.1212695","status":500}, requestURI=http://localhost:8080/submission/user/analytics, timestamp=2025-01-27)
2025-01-27 16:39:44,077 INFO  [AsyncResolver-bootstrap-executor-0] gateway.ConfigClusterResolver: Resolving eureka endpoints via configuration
2025-01-27 16:44:44,082 INFO  [AsyncResolver-bootstrap-executor-0] gateway.ConfigClusterResolver: Resolving eureka endpoints via configuration
2025-01-27 16:49:44,090 INFO  [AsyncResolver-bootstrap-executor-0] gateway.ConfigClusterResolver: Resolving eureka endpoints via configuration
2025-01-27 16:53:56,474 INFO  [reactor-http-nio-6] gateway.RequestInterceptFilter: GL0BAL FILTER INVOKED
2025-01-27 16:53:56,489 INFO  [reactor-http-nio-7] gateway.RequestInterceptFilter: GL0BAL FILTER INVOKED
2025-01-27 16:53:56,711 INFO  [reactor-http-nio-7] gateway.RequestInterceptFilter: Outgoing Response: Status Code [200 OK], Body: {"id":11,"firstName":"hassan","lastName":"Haider","username":"hasan112","email":"hasan@gmail.com","roles":[{"id":21,"role":"INSTRUCTOR"},{"id":12,"role":"USER"}]}
2025-01-27 16:53:56,718 INFO  [reactor-http-nio-7] gateway.RabbitMQService: SENDING PAYLOAD: ActivityLog(username=UNKNOWN, statusCode=200 OK, ipAddress=127.0.0.1, requestBody=null, responseBody={"id":11,"firstName":"hassan","lastName":"Haider","username":"hasan112","email":"hasan@gmail.com","roles":[{"id":21,"role":"INSTRUCTOR"},{"id":12,"role":"USER"}]}, requestURI=http://localhost:8080/auth/hasan112, timestamp=2025-01-27)
2025-01-27 16:53:56,718 INFO  [reactor-http-nio-7] gateway.RabbitMQService: SENDING DATA TO LOGGING SERVICE: ActivityLog(username=UNKNOWN, statusCode=200 OK, ipAddress=127.0.0.1, requestBody=null, responseBody={"id":11,"firstName":"hassan","lastName":"Haider","username":"hasan112","email":"hasan@gmail.com","roles":[{"id":21,"role":"INSTRUCTOR"},{"id":12,"role":"USER"}]}, requestURI=http://localhost:8080/auth/hasan112, timestamp=2025-01-27)
2025-01-27 16:53:56,743 INFO  [reactor-http-nio-7] gateway.RequestInterceptFilter: GL0BAL FILTER INVOKED
2025-01-27 16:53:56,758 INFO  [reactor-http-nio-7] gateway.RequestInterceptFilter: Outgoing Response: Status Code [200 OK], Body: {"id":11,"firstName":"hassan","lastName":"Haider","username":"hasan112","email":"hasan@gmail.com","roles":[{"id":21,"role":"INSTRUCTOR"},{"id":12,"role":"USER"}]}
2025-01-27 16:53:56,758 INFO  [reactor-http-nio-7] gateway.RabbitMQService: SENDING PAYLOAD: ActivityLog(username=UNKNOWN, statusCode=200 OK, ipAddress=127.0.0.1, requestBody=null, responseBody={"id":11,"firstName":"hassan","lastName":"Haider","username":"hasan112","email":"hasan@gmail.com","roles":[{"id":21,"role":"INSTRUCTOR"},{"id":12,"role":"USER"}]}, requestURI=http://localhost:8080/auth/hasan112, timestamp=2025-01-27)
2025-01-27 16:53:56,758 INFO  [reactor-http-nio-7] gateway.RabbitMQService: SENDING DATA TO LOGGING SERVICE: ActivityLog(username=UNKNOWN, statusCode=200 OK, ipAddress=127.0.0.1, requestBody=null, responseBody={"id":11,"firstName":"hassan","lastName":"Haider","username":"hasan112","email":"hasan@gmail.com","roles":[{"id":21,"role":"INSTRUCTOR"},{"id":12,"role":"USER"}]}, requestURI=http://localhost:8080/auth/hasan112, timestamp=2025-01-27)
2025-01-27 16:53:56,960 INFO  [reactor-http-nio-6] gateway.RequestInterceptFilter: Outgoing Response: Status Code [200 OK], Body: {"status":"200","message":"User's submission analytics","data":{"submissionQuiz":[{"submission":{"id":1,"quizId":6,"userId":11,"score":80,"submissionTime":"2024-12-02T12:41:26.347","timeTaken":"00:05:00"},"quiz":{"id":6,"title":"Python Basics Quiz","description":"A quiz to test knowledge of basic Python programming concepts","maxMarks":"100","deadline":"2024-12-04T16:10:44.691","timeLimit":"00:05:00","numberOfQuestions":"10","active":false,"totalAttempts":1,"category":{"id":2,"title":"AI/ML","description":"All questions related to AI or Machine Learning "},"userId":17,"questions":[]},"analytics":{"marksFactor":64,"attemptFactor":10,"timeFactor":0,"pointsScored":74}},{"submission":{"id":4,"quizId":22,"userId":11,"score":40,"submissionTime":"2024-12-24T18:57:39.11233","timeTaken":"00:05:00"},"quiz":{"id":22,"title":"Network","description":"A quiz to test knowledge of fundamental network communication concepts","maxMarks":"100","deadline":"2025-01-30T16:10:44.691","timeLimit":"00:05:00","numberOfQuestions":"5","active":true,"totalAttempts":3,"category":{"id":1,"title":"Programming fundamentals","description":"All questions related to programming and its core concepts "},"userId":17,"questions":[]},"analytics":{"marksFactor":32,"attemptFactor":3,"timeFactor":0,"pointsScored":35}},{"submission":{"id":5,"quizId":22,"userId":11,"score":40,"submissionTime":"2025-01-06T17:26:58.196208","timeTaken":"00:04:00"},"quiz":{"id":22,"title":"Network","description":"A quiz to test knowledge of fundamental network communication concepts","maxMarks":"100","deadline":"2025-01-30T16:10:44.691","timeLimit":"00:05:00","numberOfQuestions":"5","active":true,"totalAttempts":3,"category":{"id":1,"title":"Programming fundamentals","description":"All questions related to programming and its core concepts "},"userId":17,"questions":[]},"analytics":{"marksFactor":32,"attemptFactor":3,"timeFactor":2,"pointsScored":37}},{"submiss
2025-01-27 16:53:56,960 INFO  [reactor-http-nio-6] gateway.RabbitMQService: SENDING PAYLOAD: ActivityLog(username=hasan112, statusCode=200 OK, ipAddress=0:0:0:0:0:0:0:1, requestBody=null, responseBody={"status":"200","message":"User's submission analytics","data":{"submissionQuiz":[{"submission":{"id":1,"quizId":6,"userId":11,"score":80,"submissionTime":"2024-12-02T12:41:26.347","timeTaken":"00:05:00"},"quiz":{"id":6,"title":"Python Basics Quiz","description":"A quiz to test knowledge of basic Python programming concepts","maxMarks":"100","deadline":"2024-12-04T16:10:44.691","timeLimit":"00:05:00","numberOfQuestions":"10","active":false,"totalAttempts":1,"category":{"id":2,"title":"AI/ML","description":"All questions related to AI or Machine Learning "},"userId":17,"questions":[]},"analytics":{"marksFactor":64,"attemptFactor":10,"timeFactor":0,"pointsScored":74}},{"submission":{"id":4,"quizId":22,"userId":11,"score":40,"submissionTime":"2024-12-24T18:57:39.11233","timeTaken":"00:05:00"},"quiz":{"id":22,"title":"Network","description":"A quiz to test knowledge of fundamental network communication concepts","maxMarks":"100","deadline":"2025-01-30T16:10:44.691","timeLimit":"00:05:00","numberOfQuestions":"5","active":true,"totalAttempts":3,"category":{"id":1,"title":"Programming fundamentals","description":"All questions related to programming and its core concepts "},"userId":17,"questions":[]},"analytics":{"marksFactor":32,"attemptFactor":3,"timeFactor":0,"pointsScored":35}},{"submission":{"id":5,"quizId":22,"userId":11,"score":40,"submissionTime":"2025-01-06T17:26:58.196208","timeTaken":"00:04:00"},"quiz":{"id":22,"title":"Network","description":"A quiz to test knowledge of fundamental network communication concepts","maxMarks":"100","deadline":"2025-01-30T16:10:44.691","timeLimit":"00:05:00","numberOfQuestions":"5","active":true,"totalAttempts":3,"category":{"id":1,"title":"Programming fundamentals","description":"All questions related to programming and its core concepts "},"userId":17,"questions":[]},"analytics":{"marksFactor":32,"attemptFactor":3,"timeFactor":2,"pointsScored":37}},{"submiss, requestURI=http://localhost:8080/submission/user/analytics, timestamp=2025-01-27)
2025-01-27 16:53:56,964 INFO  [reactor-http-nio-6] gateway.RabbitMQService: SENDING DATA TO LOGGING SERVICE: ActivityLog(username=hasan112, statusCode=200 OK, ipAddress=0:0:0:0:0:0:0:1, requestBody=null, responseBody={"status":"200","message":"User's submission analytics","data":{"submissionQuiz":[{"submission":{"id":1,"quizId":6,"userId":11,"score":80,"submissionTime":"2024-12-02T12:41:26.347","timeTaken":"00:05:00"},"quiz":{"id":6,"title":"Python Basics Quiz","description":"A quiz to test knowledge of basic Python programming concepts","maxMarks":"100","deadline":"2024-12-04T16:10:44.691","timeLimit":"00:05:00","numberOfQuestions":"10","active":false,"totalAttempts":1,"category":{"id":2,"title":"AI/ML","description":"All questions related to AI or Machine Learning "},"userId":17,"questions":[]},"analytics":{"marksFactor":64,"attemptFactor":10,"timeFactor":0,"pointsScored":74}},{"submission":{"id":4,"quizId":22,"userId":11,"score":40,"submissionTime":"2024-12-24T18:57:39.11233","timeTaken":"00:05:00"},"quiz":{"id":22,"title":"Network","description":"A quiz to test knowledge of fundamental network communication concepts","maxMarks":"100","deadline":"2025-01-30T16:10:44.691","timeLimit":"00:05:00","numberOfQuestions":"5","active":true,"totalAttempts":3,"category":{"id":1,"title":"Programming fundamentals","description":"All questions related to programming and its core concepts "},"userId":17,"questions":[]},"analytics":{"marksFactor":32,"attemptFactor":3,"timeFactor":0,"pointsScored":35}},{"submission":{"id":5,"quizId":22,"userId":11,"score":40,"submissionTime":"2025-01-06T17:26:58.196208","timeTaken":"00:04:00"},"quiz":{"id":22,"title":"Network","description":"A quiz to test knowledge of fundamental network communication concepts","maxMarks":"100","deadline":"2025-01-30T16:10:44.691","timeLimit":"00:05:00","numberOfQuestions":"5","active":true,"totalAttempts":3,"category":{"id":1,"title":"Programming fundamentals","description":"All questions related to programming and its core concepts "},"userId":17,"questions":[]},"analytics":{"marksFactor":32,"attemptFactor":3,"timeFactor":2,"pointsScored":37}},{"submiss, requestURI=http://localhost:8080/submission/user/analytics, timestamp=2025-01-27)
2025-01-27 16:53:56,968 INFO  [reactor-http-nio-6] gateway.RequestInterceptFilter: Outgoing Response: Status Code [200 OK], Body: ion":{"id":6,"quizId":22,"userId":11,"score":40,"submissionTime":"2025-01-06T18:41:31.668823","timeTaken":"00:02:00"},"quiz":{"id":22,"title":"Network","description":"A quiz to test knowledge of fundamental network communication concepts","maxMarks":"100","deadline":"2025-01-30T16:10:44.691","timeLimit":"00:05:00","numberOfQuestions":"5","active":true,"totalAttempts":3,"category":{"id":1,"title":"Programming fundamentals","description":"All questions related to programming and its core concepts "},"userId":17,"questions":[]},"analytics":{"marksFactor":32,"attemptFactor":3,"timeFactor":6,"pointsScored":41}}],"overallPointsScored":187}}
2025-01-27 16:53:56,968 INFO  [reactor-http-nio-6] gateway.RabbitMQService: SENDING PAYLOAD: ActivityLog(username=hasan112, statusCode=200 OK, ipAddress=0:0:0:0:0:0:0:1, requestBody=null, responseBody=ion":{"id":6,"quizId":22,"userId":11,"score":40,"submissionTime":"2025-01-06T18:41:31.668823","timeTaken":"00:02:00"},"quiz":{"id":22,"title":"Network","description":"A quiz to test knowledge of fundamental network communication concepts","maxMarks":"100","deadline":"2025-01-30T16:10:44.691","timeLimit":"00:05:00","numberOfQuestions":"5","active":true,"totalAttempts":3,"category":{"id":1,"title":"Programming fundamentals","description":"All questions related to programming and its core concepts "},"userId":17,"questions":[]},"analytics":{"marksFactor":32,"attemptFactor":3,"timeFactor":6,"pointsScored":41}}],"overallPointsScored":187}}, requestURI=http://localhost:8080/submission/user/analytics, timestamp=2025-01-27)
2025-01-27 16:53:56,968 INFO  [reactor-http-nio-6] gateway.RabbitMQService: SENDING DATA TO LOGGING SERVICE: ActivityLog(username=hasan112, statusCode=200 OK, ipAddress=0:0:0:0:0:0:0:1, requestBody=null, responseBody=ion":{"id":6,"quizId":22,"userId":11,"score":40,"submissionTime":"2025-01-06T18:41:31.668823","timeTaken":"00:02:00"},"quiz":{"id":22,"title":"Network","description":"A quiz to test knowledge of fundamental network communication concepts","maxMarks":"100","deadline":"2025-01-30T16:10:44.691","timeLimit":"00:05:00","numberOfQuestions":"5","active":true,"totalAttempts":3,"category":{"id":1,"title":"Programming fundamentals","description":"All questions related to programming and its core concepts "},"userId":17,"questions":[]},"analytics":{"marksFactor":32,"attemptFactor":3,"timeFactor":6,"pointsScored":41}}],"overallPointsScored":187}}, requestURI=http://localhost:8080/submission/user/analytics, timestamp=2025-01-27)
2025-01-27 16:54:44,093 INFO  [AsyncResolver-bootstrap-executor-0] gateway.ConfigClusterResolver: Resolving eureka endpoints via configuration
2025-01-27 16:59:44,115 INFO  [AsyncResolver-bootstrap-executor-0] gateway.ConfigClusterResolver: Resolving eureka endpoints via configuration
2025-01-27 17:04:44,131 INFO  [AsyncResolver-bootstrap-executor-0] gateway.ConfigClusterResolver: Resolving eureka endpoints via configuration
2025-01-27 17:09:44,145 INFO  [AsyncResolver-bootstrap-executor-0] gateway.ConfigClusterResolver: Resolving eureka endpoints via configuration
2025-01-27 17:31:41,236 INFO  [AsyncResolver-bootstrap-executor-0] gateway.ConfigClusterResolver: Resolving eureka endpoints via configuration
2025-01-27 17:36:41,251 INFO  [AsyncResolver-bootstrap-executor-0] gateway.ConfigClusterResolver: Resolving eureka endpoints via configuration
2025-01-27 17:41:41,263 INFO  [AsyncResolver-bootstrap-executor-0] gateway.ConfigClusterResolver: Resolving eureka endpoints via configuration
2025-01-27 17:46:41,273 INFO  [AsyncResolver-bootstrap-executor-0] gateway.ConfigClusterResolver: Resolving eureka endpoints via configuration
2025-01-27 17:51:41,279 INFO  [AsyncResolver-bootstrap-executor-0] gateway.ConfigClusterResolver: Resolving eureka endpoints via configuration
2025-01-27 17:56:41,283 INFO  [AsyncResolver-bootstrap-executor-0] gateway.ConfigClusterResolver: Resolving eureka endpoints via configuration
2025-01-27 18:01:41,295 INFO  [AsyncResolver-bootstrap-executor-0] gateway.ConfigClusterResolver: Resolving eureka endpoints via configuration
2025-01-27 18:06:41,300 INFO  [AsyncResolver-bootstrap-executor-0] gateway.ConfigClusterResolver: Resolving eureka endpoints via configuration
2025-01-27 18:11:41,316 INFO  [AsyncResolver-bootstrap-executor-0] gateway.ConfigClusterResolver: Resolving eureka endpoints via configuration
2025-01-27 18:16:41,332 INFO  [AsyncResolver-bootstrap-executor-0] gateway.ConfigClusterResolver: Resolving eureka endpoints via configuration
2025-01-27 18:21:41,357 INFO  [AsyncResolver-bootstrap-executor-0] gateway.ConfigClusterResolver: Resolving eureka endpoints via configuration
2025-01-27 18:26:41,359 INFO  [AsyncResolver-bootstrap-executor-0] gateway.ConfigClusterResolver: Resolving eureka endpoints via configuration
2025-01-27 18:31:41,375 INFO  [AsyncResolver-bootstrap-executor-0] gateway.ConfigClusterResolver: Resolving eureka endpoints via configuration
2025-01-27 18:36:41,384 INFO  [AsyncResolver-bootstrap-executor-0] gateway.ConfigClusterResolver: Resolving eureka endpoints via configuration
2025-01-27 18:41:41,387 INFO  [AsyncResolver-bootstrap-executor-0] gateway.ConfigClusterResolver: Resolving eureka endpoints via configuration
2025-01-27 18:46:41,396 INFO  [AsyncResolver-bootstrap-executor-0] gateway.ConfigClusterResolver: Resolving eureka endpoints via configuration
2025-01-27 18:51:41,411 INFO  [AsyncResolver-bootstrap-executor-0] gateway.ConfigClusterResolver: Resolving eureka endpoints via configuration
2025-01-27 18:56:41,421 INFO  [AsyncResolver-bootstrap-executor-0] gateway.ConfigClusterResolver: Resolving eureka endpoints via configuration
2025-01-27 19:01:41,426 INFO  [AsyncResolver-bootstrap-executor-0] gateway.ConfigClusterResolver: Resolving eureka endpoints via configuration
2025-01-27 19:06:41,436 INFO  [AsyncResolver-bootstrap-executor-0] gateway.ConfigClusterResolver: Resolving eureka endpoints via configuration
2025-01-27 19:17:39,912 INFO  [AsyncResolver-bootstrap-executor-0] gateway.ConfigClusterResolver: Resolving eureka endpoints via configuration
2025-01-27 19:22:39,922 INFO  [AsyncResolver-bootstrap-executor-0] gateway.ConfigClusterResolver: Resolving eureka endpoints via configuration
2025-01-27 19:27:39,925 INFO  [AsyncResolver-bootstrap-executor-0] gateway.ConfigClusterResolver: Resolving eureka endpoints via configuration
2025-01-27 19:32:39,928 INFO  [AsyncResolver-bootstrap-executor-0] gateway.ConfigClusterResolver: Resolving eureka endpoints via configuration
2025-01-27 19:37:39,935 INFO  [AsyncResolver-bootstrap-executor-0] gateway.ConfigClusterResolver: Resolving eureka endpoints via configuration
2025-01-27 19:42:39,948 INFO  [AsyncResolver-bootstrap-executor-0] gateway.ConfigClusterResolver: Resolving eureka endpoints via configuration
2025-01-27 19:47:39,954 INFO  [AsyncResolver-bootstrap-executor-0] gateway.ConfigClusterResolver: Resolving eureka endpoints via configuration
2025-01-27 19:58:44,278 INFO  [AsyncResolver-bootstrap-executor-0] gateway.ConfigClusterResolver: Resolving eureka endpoints via configuration
2025-01-27 20:03:44,284 INFO  [AsyncResolver-bootstrap-executor-0] gateway.ConfigClusterResolver: Resolving eureka endpoints via configuration
2025-01-27 20:08:44,289 INFO  [AsyncResolver-bootstrap-executor-0] gateway.ConfigClusterResolver: Resolving eureka endpoints via configuration
2025-01-27 20:13:44,291 INFO  [AsyncResolver-bootstrap-executor-0] gateway.ConfigClusterResolver: Resolving eureka endpoints via configuration
2025-01-27 20:18:44,297 INFO  [AsyncResolver-bootstrap-executor-0] gateway.ConfigClusterResolver: Resolving eureka endpoints via configuration
2025-01-27 20:23:44,313 INFO  [AsyncResolver-bootstrap-executor-0] gateway.ConfigClusterResolver: Resolving eureka endpoints via configuration
2025-01-27 20:28:44,323 INFO  [AsyncResolver-bootstrap-executor-0] gateway.ConfigClusterResolver: Resolving eureka endpoints via configuration
2025-01-27 20:33:44,335 INFO  [AsyncResolver-bootstrap-executor-0] gateway.ConfigClusterResolver: Resolving eureka endpoints via configuration
2025-01-27 20:38:44,352 INFO  [AsyncResolver-bootstrap-executor-0] gateway.ConfigClusterResolver: Resolving eureka endpoints via configuration
2025-01-27 20:43:44,362 INFO  [AsyncResolver-bootstrap-executor-0] gateway.ConfigClusterResolver: Resolving eureka endpoints via configuration
2025-01-27 20:48:44,373 INFO  [AsyncResolver-bootstrap-executor-0] gateway.ConfigClusterResolver: Resolving eureka endpoints via configuration
2025-01-27 20:53:44,388 INFO  [AsyncResolver-bootstrap-executor-0] gateway.ConfigClusterResolver: Resolving eureka endpoints via configuration
2025-01-27 20:58:46,427 INFO  [AsyncResolver-bootstrap-executor-0] gateway.ConfigClusterResolver: Resolving eureka endpoints via configuration
